<?xml version="1.0" encoding="UTF-8"?>
<!-- Generated by org.testng.reporters.JUnitReportReporter -->
<testsuite hostname="kmewade-z01" failures="0" tests="1" name="testngsessions.ExpectedExceptionConcept" time="0.016" errors="0" timestamp="08 Aug 2022 12:02:49 GMT" skipped="0">
  <testcase classname="testngsessions.ExpectedExceptionConcept" name="loginTest" time="0.016"/>
</testsuite> <!-- testngsessions.ExpectedExceptionConcept -->
