<?xml version="1.0" encoding="UTF-8"?>
<!-- Generated by org.testng.reporters.JUnitReportReporter -->
<testsuite hostname="kmewade-z01" failures="0" tests="6" name="testngsessions.PriorityTest" time="0.034" errors="0" timestamp="08 Aug 2022 12:28:05 GMT" skipped="0">
  <testcase classname="testngsessions.PriorityTest" name="b_test" time="0.002"/>
  <testcase classname="testngsessions.PriorityTest" name="c_test" time="0.002"/>
  <testcase classname="testngsessions.PriorityTest" name="a_test" time="0.025"/>
  <testcase classname="testngsessions.PriorityTest" name="d_test" time="0.002"/>
  <testcase classname="testngsessions.PriorityTest" name="e_test" time="0.002"/>
  <testcase classname="testngsessions.PriorityTest" name="f_test" time="0.001"/>
</testsuite> <!-- testngsessions.PriorityTest -->
