<?xml version="1.0" encoding="UTF-8"?>
<!-- Generated by org.testng.reporters.JUnitReportReporter -->
<testsuite hostname="kmewade-z01" failures="0" tests="110" name="testngsessions.InvocationCount" time="0.148" errors="0" timestamp="08 Aug 2022 12:01:21 GMT" skipped="0">
  <testcase classname="testngsessions.InvocationCount" name="getUserTest" time="0.001"/>
  <testcase classname="testngsessions.InvocationCount" name="createUserTest" time="0.001"/>
  <testcase classname="testngsessions.InvocationCount" name="getUserTest" time="0.001"/>
  <testcase classname="testngsessions.InvocationCount" name="getUserTest" time="0.001"/>
  <testcase classname="testngsessions.InvocationCount" name="getUserTest" time="0.001"/>
  <testcase classname="testngsessions.InvocationCount" name="getUserTest" time="0.000"/>
  <testcase classname="testngsessions.InvocationCount" name="getUserTest" time="0.001"/>
  <testcase classname="testngsessions.InvocationCount" name="createUserTest" time="0.002"/>
  <testcase classname="testngsessions.InvocationCount" name="getUserTest" time="0.001"/>
  <testcase classname="testngsessions.InvocationCount" name="getUserTest" time="0.005"/>
  <testcase classname="testngsessions.InvocationCount" name="getUserTest" time="0.002"/>
  <testcase classname="testngsessions.InvocationCount" name="getUserTest" time="0.002"/>
  <testcase classname="testngsessions.InvocationCount" name="getUserTest" time="0.001"/>
  <testcase classname="testngsessions.InvocationCount" name="getUserTest" time="0.001"/>
  <testcase classname="testngsessions.InvocationCount" name="getUserTest" time="0.001"/>
  <testcase classname="testngsessions.InvocationCount" name="createUserTest" time="0.001"/>
  <testcase classname="testngsessions.InvocationCount" name="getUserTest" time="0.001"/>
  <testcase classname="testngsessions.InvocationCount" name="getUserTest" time="0.000"/>
  <testcase classname="testngsessions.InvocationCount" name="getUserTest" time="0.001"/>
  <testcase classname="testngsessions.InvocationCount" name="getUserTest" time="0.001"/>
  <testcase classname="testngsessions.InvocationCount" name="createUserTest" time="0.001"/>
  <testcase classname="testngsessions.InvocationCount" name="getUserTest" time="0.001"/>
  <testcase classname="testngsessions.InvocationCount" name="getUserTest" time="0.000"/>
  <testcase classname="testngsessions.InvocationCount" name="createUserTest" time="0.002"/>
  <testcase classname="testngsessions.InvocationCount" name="getUserTest" time="0.001"/>
  <testcase classname="testngsessions.InvocationCount" name="getUserTest" time="0.002"/>
  <testcase classname="testngsessions.InvocationCount" name="getUserTest" time="0.001"/>
  <testcase classname="testngsessions.InvocationCount" name="getUserTest" time="0.001"/>
  <testcase classname="testngsessions.InvocationCount" name="getUserTest" time="0.001"/>
  <testcase classname="testngsessions.InvocationCount" name="getUserTest" time="0.001"/>
  <testcase classname="testngsessions.InvocationCount" name="getUserTest" time="0.001"/>
  <testcase classname="testngsessions.InvocationCount" name="getUserTest" time="0.000"/>
  <testcase classname="testngsessions.InvocationCount" name="createUserTest" time="0.003"/>
  <testcase classname="testngsessions.InvocationCount" name="getUserTest" time="0.001"/>
  <testcase classname="testngsessions.InvocationCount" name="getUserTest" time="0.004"/>
  <testcase classname="testngsessions.InvocationCount" name="getUserTest" time="0.001"/>
  <testcase classname="testngsessions.InvocationCount" name="getUserTest" time="0.001"/>
  <testcase classname="testngsessions.InvocationCount" name="getUserTest" time="0.001"/>
  <testcase classname="testngsessions.InvocationCount" name="getUserTest" time="0.001"/>
  <testcase classname="testngsessions.InvocationCount" name="getUserTest" time="0.001"/>
  <testcase classname="testngsessions.InvocationCount" name="getUserTest" time="0.000"/>
  <testcase classname="testngsessions.InvocationCount" name="getUserTest" time="0.001"/>
  <testcase classname="testngsessions.InvocationCount" name="getUserTest" time="0.001"/>
  <testcase classname="testngsessions.InvocationCount" name="getUserTest" time="0.001"/>
  <testcase classname="testngsessions.InvocationCount" name="getUserTest" time="0.001"/>
  <testcase classname="testngsessions.InvocationCount" name="getUserTest" time="0.000"/>
  <testcase classname="testngsessions.InvocationCount" name="getUserTest" time="0.001"/>
  <testcase classname="testngsessions.InvocationCount" name="createUserTest" time="0.002"/>
  <testcase classname="testngsessions.InvocationCount" name="getUserTest" time="0.001"/>
  <testcase classname="testngsessions.InvocationCount" name="getUserTest" time="0.001"/>
  <testcase classname="testngsessions.InvocationCount" name="getUserTest" time="0.001"/>
  <testcase classname="testngsessions.InvocationCount" name="getUserTest" time="0.001"/>
  <testcase classname="testngsessions.InvocationCount" name="getUserTest" time="0.001"/>
  <testcase classname="testngsessions.InvocationCount" name="getUserTest" time="0.001"/>
  <testcase classname="testngsessions.InvocationCount" name="getUserTest" time="0.000"/>
  <testcase classname="testngsessions.InvocationCount" name="getUserTest" time="0.001"/>
  <testcase classname="testngsessions.InvocationCount" name="getUserTest" time="0.001"/>
  <testcase classname="testngsessions.InvocationCount" name="getUserTest" time="0.001"/>
  <testcase classname="testngsessions.InvocationCount" name="getUserTest" time="0.001"/>
  <testcase classname="testngsessions.InvocationCount" name="getUserTest" time="0.002"/>
  <testcase classname="testngsessions.InvocationCount" name="getUserTest" time="0.002"/>
  <testcase classname="testngsessions.InvocationCount" name="getUserTest" time="0.002"/>
  <testcase classname="testngsessions.InvocationCount" name="getUserTest" time="0.002"/>
  <testcase classname="testngsessions.InvocationCount" name="getUserTest" time="0.001"/>
  <testcase classname="testngsessions.InvocationCount" name="getUserTest" time="0.001"/>
  <testcase classname="testngsessions.InvocationCount" name="getUserTest" time="0.001"/>
  <testcase classname="testngsessions.InvocationCount" name="getUserTest" time="0.001"/>
  <testcase classname="testngsessions.InvocationCount" name="getUserTest" time="0.001"/>
  <testcase classname="testngsessions.InvocationCount" name="getUserTest" time="0.000"/>
  <testcase classname="testngsessions.InvocationCount" name="getUserTest" time="0.001"/>
  <testcase classname="testngsessions.InvocationCount" name="getUserTest" time="0.002"/>
  <testcase classname="testngsessions.InvocationCount" name="getUserTest" time="0.001"/>
  <testcase classname="testngsessions.InvocationCount" name="getUserTest" time="0.007"/>
  <testcase classname="testngsessions.InvocationCount" name="getUserTest" time="0.002"/>
  <testcase classname="testngsessions.InvocationCount" name="getUserTest" time="0.000"/>
  <testcase classname="testngsessions.InvocationCount" name="createUserTest" time="0.020"/>
  <testcase classname="testngsessions.InvocationCount" name="getUserTest" time="0.001"/>
  <testcase classname="testngsessions.InvocationCount" name="getUserTest" time="0.001"/>
  <testcase classname="testngsessions.InvocationCount" name="getUserTest" time="0.001"/>
  <testcase classname="testngsessions.InvocationCount" name="getUserTest" time="0.000"/>
  <testcase classname="testngsessions.InvocationCount" name="getUserTest" time="0.001"/>
  <testcase classname="testngsessions.InvocationCount" name="getUserTest" time="0.002"/>
  <testcase classname="testngsessions.InvocationCount" name="getUserTest" time="0.001"/>
  <testcase classname="testngsessions.InvocationCount" name="getUserTest" time="0.001"/>
  <testcase classname="testngsessions.InvocationCount" name="getUserTest" time="0.001"/>
  <testcase classname="testngsessions.InvocationCount" name="getUserTest" time="0.001"/>
  <testcase classname="testngsessions.InvocationCount" name="getUserTest" time="0.001"/>
  <testcase classname="testngsessions.InvocationCount" name="getUserTest" time="0.001"/>
  <testcase classname="testngsessions.InvocationCount" name="getUserTest" time="0.001"/>
  <testcase classname="testngsessions.InvocationCount" name="getUserTest" time="0.001"/>
  <testcase classname="testngsessions.InvocationCount" name="createUserTest" time="0.002"/>
  <testcase classname="testngsessions.InvocationCount" name="getUserTest" time="0.001"/>
  <testcase classname="testngsessions.InvocationCount" name="getUserTest" time="0.001"/>
  <testcase classname="testngsessions.InvocationCount" name="getUserTest" time="0.001"/>
  <testcase classname="testngsessions.InvocationCount" name="getUserTest" time="0.001"/>
  <testcase classname="testngsessions.InvocationCount" name="getUserTest" time="0.001"/>
  <testcase classname="testngsessions.InvocationCount" name="getUserTest" time="0.001"/>
  <testcase classname="testngsessions.InvocationCount" name="createUserTest" time="0.001"/>
  <testcase classname="testngsessions.InvocationCount" name="getUserTest" time="0.001"/>
  <testcase classname="testngsessions.InvocationCount" name="getUserTest" time="0.001"/>
  <testcase classname="testngsessions.InvocationCount" name="getUserTest" time="0.001"/>
  <testcase classname="testngsessions.InvocationCount" name="getUserTest" time="0.002"/>
  <testcase classname="testngsessions.InvocationCount" name="getUserTest" time="0.001"/>
  <testcase classname="testngsessions.InvocationCount" name="getUserTest" time="0.000"/>
  <testcase classname="testngsessions.InvocationCount" name="getUserTest" time="0.000"/>
  <testcase classname="testngsessions.InvocationCount" name="getUserTest" time="0.001"/>
  <testcase classname="testngsessions.InvocationCount" name="getUserTest" time="0.002"/>
  <testcase classname="testngsessions.InvocationCount" name="getUserTest" time="0.001"/>
  <testcase classname="testngsessions.InvocationCount" name="getUserTest" time="0.001"/>
  <testcase classname="testngsessions.InvocationCount" name="getUserTest" time="0.001"/>
</testsuite> <!-- testngsessions.InvocationCount -->
