<?xml version="1.0" encoding="UTF-8"?>
<!-- Generated by org.testng.reporters.JUnitReportReporter -->
<testsuite hostname="kmewade-z01" failures="0" tests="4" name="testngsessions.TestNGBasics" time="0.015" errors="0" timestamp="08 Aug 2022 11:59:24 GMT" skipped="0">
  <testcase classname="testngsessions.TestNGBasics" name="AddToCartTest" time="0.007"/>
  <testcase classname="testngsessions.TestNGBasics" name="SearchProductTest" time="0.003"/>
  <testcase classname="testngsessions.TestNGBasics" name="appLogoTest" time="0.002"/>
  <testcase classname="testngsessions.TestNGBasics" name="paymentTest" time="0.003"/>
</testsuite> <!-- testngsessions.TestNGBasics -->
